front_end/Frontendpro/android/app/build/intermediates/manifest_merge_blame_file/debug/manifest-merger-blame-debug-report.txt
1<?xml version="1.0" encoding="utf-8"?>
2<manifest xmlns:android="http://schemas.android.com/apk/res/android"
3    package="com.frontendpro"
4    android:versionCode="1"
5    android:versionName="1.0" >
6
7    <uses-sdk
8        android:minSdkVersion="21"
9        android:targetSdkVersion="34" />
10
11    <uses-permission android:name="android.permission.INTERNET" />
11-->src\main\AndroidManifest.xml:3:5-67
11-->src\main\AndroidManifest.xml:3:22-64
12    <uses-permission android:name="android.permission.CAMERA" />
12-->src\main\AndroidManifest.xml:4:5-64
12-->src\main\AndroidManifest.xml:4:22-62
13    <uses-permission android:name="android.permission.READ_EXTERNAL_STORAGE" />
13-->src\main\AndroidManifest.xml:5:1-75
13-->src\main\AndroidManifest.xml:5:18-73
14    <uses-permission android:name="android.permission.READ_MEDIA_IMAGES" />
14-->src\main\AndroidManifest.xml:6:1-72
14-->src\main\AndroidManifest.xml:6:18-69
15    <uses-permission android:name="android.permission.READ_MEDIA_VIDEO" />
15-->src\main\AndroidManifest.xml:7:1-71
15-->src\main\AndroidManifest.xml:7:18-68
16    <uses-permission android:name="android.permission-group.CAMERA" />
16-->src\main\AndroidManifest.xml:8:1-66
16-->src\main\AndroidManifest.xml:8:18-64
17    <uses-permission android:name="android.permission.WRITE_EXTERNAL_STORAGE" />
17-->[:react-native-fs] AndroidManifest.xml:7:5-81
17-->[:react-native-fs] AndroidManifest.xml:7:22-78
18
19    <queries>
19-->[:react-native-image-crop-picker] AndroidManifest.xml:7:5-11:15
20        <intent>
20-->[:react-native-image-crop-picker] AndroidManifest.xml:8:9-10:18
21            <action android:name="android.media.action.IMAGE_CAPTURE" />
21-->[:react-native-image-crop-picker] AndroidManifest.xml:9:13-73
21-->[:react-native-image-crop-picker] AndroidManifest.xml:9:21-70
22        </intent>
23    </queries>
24
25    <uses-permission android:name="android.permission.ACCESS_NETWORK_STATE" />
25-->[:react-native-network-info] AndroidManifest.xml:8:5-79
25-->[:react-native-network-info] AndroidManifest.xml:8:22-76
26    <uses-permission android:name="android.permission.ACCESS_WIFI_STATE" /> <!-- Required to access Google Play Licensing -->
26-->[:react-native-network-info] AndroidManifest.xml:9:5-76
26-->[:react-native-network-info] AndroidManifest.xml:9:22-73
27    <uses-permission android:name="com.android.vending.CHECK_LICENSE" />
27-->[:rn-fetch-blob] AndroidManifest.xml:8:5-73
27-->[:rn-fetch-blob] AndroidManifest.xml:8:22-70
28    <!--
29         Required to keep CPU alive while downloading files
30        (NOT to keep screen awake)
31    -->
32    <uses-permission android:name="android.permission.WAKE_LOCK" />
32-->[:rn-fetch-blob] AndroidManifest.xml:17:5-68
32-->[:rn-fetch-blob] AndroidManifest.xml:17:22-65
33    <!--
34    This manifest file is used only by Gradle to configure debug-only capabilities
35    for React Native Apps.
36    -->
37    <uses-permission android:name="android.permission.SYSTEM_ALERT_WINDOW" />
37-->[com.facebook.react:react-android:0.73.4] AndroidManifest.xml:16:5-78
37-->[com.facebook.react:react-android:0.73.4] AndroidManifest.xml:16:22-75
38
39    <permission
39-->[androidx.core:core:1.9.0] AndroidManifest.xml:22:5-24:47
40        android:name="com.frontendpro.DYNAMIC_RECEIVER_NOT_EXPORTED_PERMISSION"
40-->[androidx.core:core:1.9.0] AndroidManifest.xml:23:9-81
41        android:protectionLevel="signature" />
41-->[androidx.core:core:1.9.0] AndroidManifest.xml:24:9-44
42
43    <uses-permission android:name="com.frontendpro.DYNAMIC_RECEIVER_NOT_EXPORTED_PERMISSION" />
43-->[androidx.core:core:1.9.0] AndroidManifest.xml:26:5-97
43-->[androidx.core:core:1.9.0] AndroidManifest.xml:26:22-94
44
45    <application
45-->src\main\AndroidManifest.xml:9:5-28:19
46        android:name="com.frontendpro.MainApplication"
46-->src\main\AndroidManifest.xml:10:7-38
47        android:allowBackup="false"
47-->src\main\AndroidManifest.xml:14:7-34
48        android:appComponentFactory="androidx.core.app.CoreComponentFactory"
48-->[androidx.core:core:1.9.0] AndroidManifest.xml:28:18-86
49        android:debuggable="true"
50        android:extractNativeLibs="true"
51        android:icon="@mipmap/ic_launcher"
51-->src\main\AndroidManifest.xml:12:7-41
52        android:label="@string/app_name"
52-->src\main\AndroidManifest.xml:11:7-39
53        android:roundIcon="@mipmap/ic_launcher_round"
53-->src\main\AndroidManifest.xml:13:7-52
54        android:theme="@style/AppTheme"
54-->src\main\AndroidManifest.xml:15:7-38
55        android:usesCleartextTraffic="true" >
55-->src\debug\AndroidManifest.xml:6:9-44
56        <activity
56-->src\main\AndroidManifest.xml:16:7-27:18
57            android:name="com.frontendpro.MainActivity"
57-->src\main\AndroidManifest.xml:17:9-37
58            android:configChanges="keyboard|keyboardHidden|orientation|screenLayout|screenSize|smallestScreenSize|uiMode"
58-->src\main\AndroidManifest.xml:19:9-118
59            android:exported="true"
59-->src\main\AndroidManifest.xml:22:9-32
60            android:label="@string/app_name"
60-->src\main\AndroidManifest.xml:18:9-41
61            android:launchMode="singleTask"
61-->src\main\AndroidManifest.xml:20:9-40
62            android:windowSoftInputMode="adjustResize" >
62-->src\main\AndroidManifest.xml:21:9-51
63            <intent-filter>
63-->src\main\AndroidManifest.xml:23:9-26:25
64                <action android:name="android.intent.action.MAIN" />
64-->src\main\AndroidManifest.xml:24:13-65
64-->src\main\AndroidManifest.xml:24:21-62
65
66                <category android:name="android.intent.category.LAUNCHER" />
66-->src\main\AndroidManifest.xml:25:13-73
66-->src\main\AndroidManifest.xml:25:23-70
67            </intent-filter>
68        </activity>
69
70        <provider
70-->[:react-native-image-crop-picker] AndroidManifest.xml:16:9-24:20
71            android:name="com.reactnative.ivpusic.imagepicker.IvpusicImagePickerFileProvider"
71-->[:react-native-image-crop-picker] AndroidManifest.xml:17:13-94
72            android:authorities="com.frontendpro.provider"
72-->[:react-native-image-crop-picker] AndroidManifest.xml:18:13-60
73            android:exported="false"
73-->[:react-native-image-crop-picker] AndroidManifest.xml:19:13-37
74            android:grantUriPermissions="true" >
74-->[:react-native-image-crop-picker] AndroidManifest.xml:20:13-47
75            <meta-data
75-->[:react-native-image-crop-picker] AndroidManifest.xml:21:13-23:78
76                android:name="android.support.FILE_PROVIDER_PATHS"
76-->[:react-native-image-crop-picker] AndroidManifest.xml:22:17-67
77                android:resource="@xml/ivpusic_imagepicker_provider_paths" />
77-->[:react-native-image-crop-picker] AndroidManifest.xml:23:17-75
78        </provider>
79
80        <activity
80-->[:react-native-image-crop-picker] AndroidManifest.xml:26:9-28:72
81            android:name="com.yalantis.ucrop.UCropActivity"
81-->[:react-native-image-crop-picker] AndroidManifest.xml:27:13-60
82            android:theme="@style/Theme.AppCompat.Light.NoActionBar" />
82-->[:react-native-image-crop-picker] AndroidManifest.xml:28:13-69
83
84        <provider
84-->[:react-native-image-picker] AndroidManifest.xml:8:9-16:20
85            android:name="com.imagepicker.ImagePickerProvider"
85-->[:react-native-image-picker] AndroidManifest.xml:9:13-63
86            android:authorities="com.frontendpro.imagepickerprovider"
86-->[:react-native-image-picker] AndroidManifest.xml:10:13-71
87            android:exported="false"
87-->[:react-native-image-picker] AndroidManifest.xml:11:13-37
88            android:grantUriPermissions="true" >
88-->[:react-native-image-picker] AndroidManifest.xml:12:13-47
89            <meta-data
89-->[:react-native-image-crop-picker] AndroidManifest.xml:21:13-23:78
90                android:name="android.support.FILE_PROVIDER_PATHS"
90-->[:react-native-image-crop-picker] AndroidManifest.xml:22:17-67
91                android:resource="@xml/imagepicker_provider_paths" />
91-->[:react-native-image-crop-picker] AndroidManifest.xml:23:17-75
92        </provider>
93        <provider
93-->[:react-native-webview] AndroidManifest.xml:8:9-16:20
94            android:name="com.reactnativecommunity.webview.RNCWebViewFileProvider"
94-->[:react-native-webview] AndroidManifest.xml:9:13-83
95            android:authorities="com.frontendpro.fileprovider"
95-->[:react-native-webview] AndroidManifest.xml:10:13-64
96            android:exported="false"
96-->[:react-native-webview] AndroidManifest.xml:11:13-37
97            android:grantUriPermissions="true" >
97-->[:react-native-webview] AndroidManifest.xml:12:13-47
98            <meta-data
98-->[:react-native-image-crop-picker] AndroidManifest.xml:21:13-23:78
99                android:name="android.support.FILE_PROVIDER_PATHS"
99-->[:react-native-image-crop-picker] AndroidManifest.xml:22:17-67
100                android:resource="@xml/file_provider_paths" />
100-->[:react-native-image-crop-picker] AndroidManifest.xml:23:17-75
101        </provider>
102        <provider
102-->[:rn-fetch-blob] AndroidManifest.xml:32:9-40:20
103            android:name="com.RNFetchBlob.Utils.FileProvider"
103-->[:rn-fetch-blob] AndroidManifest.xml:33:13-62
104            android:authorities="com.frontendpro.provider"
104-->[:rn-fetch-blob] AndroidManifest.xml:34:13-60
105            android:exported="false"
105-->[:rn-fetch-blob] AndroidManifest.xml:35:13-37
106            android:grantUriPermissions="true" >
106-->[:rn-fetch-blob] AndroidManifest.xml:36:13-47
107            <meta-data
107-->[:react-native-image-crop-picker] AndroidManifest.xml:21:13-23:78
108                android:name="android.support.FILE_PROVIDER_PATHS"
108-->[:react-native-image-crop-picker] AndroidManifest.xml:22:17-67
109                android:resource="@xml/provider_paths" />
109-->[:react-native-image-crop-picker] AndroidManifest.xml:23:17-75
110        </provider>
111
112        <activity
112-->[com.facebook.react:react-android:0.73.4] AndroidManifest.xml:19:9-21:40
113            android:name="com.facebook.react.devsupport.DevSettingsActivity"
113-->[com.facebook.react:react-android:0.73.4] AndroidManifest.xml:20:13-77
114            android:exported="false" />
114-->[com.facebook.react:react-android:0.73.4] AndroidManifest.xml:21:13-37
115
116        <provider
116-->[androidx.emoji2:emoji2:1.2.0] AndroidManifest.xml:24:9-32:20
117            android:name="androidx.startup.InitializationProvider"
117-->[androidx.emoji2:emoji2:1.2.0] AndroidManifest.xml:25:13-67
118            android:authorities="com.frontendpro.androidx-startup"
118-->[androidx.emoji2:emoji2:1.2.0] AndroidManifest.xml:26:13-68
119            android:exported="false" >
119-->[androidx.emoji2:emoji2:1.2.0] AndroidManifest.xml:27:13-37
120            <meta-data
120-->[androidx.emoji2:emoji2:1.2.0] AndroidManifest.xml:29:13-31:52
121                android:name="androidx.emoji2.text.EmojiCompatInitializer"
121-->[androidx.emoji2:emoji2:1.2.0] AndroidManifest.xml:30:17-75
122                android:value="androidx.startup" />
122-->[androidx.emoji2:emoji2:1.2.0] AndroidManifest.xml:31:17-49
123            <meta-data
123-->[androidx.lifecycle:lifecycle-process:2.4.1] AndroidManifest.xml:31:13-33:52
124                android:name="androidx.lifecycle.ProcessLifecycleInitializer"
124-->[androidx.lifecycle:lifecycle-process:2.4.1] AndroidManifest.xml:32:17-78
125                android:value="androidx.startup" />
125-->[androidx.lifecycle:lifecycle-process:2.4.1] AndroidManifest.xml:33:17-49
126        </provider>
127
128        <meta-data
128-->[com.facebook.soloader:soloader:0.10.5] AndroidManifest.xml:12:9-14:37
129            android:name="com.facebook.soloader.enabled"
129-->[com.facebook.soloader:soloader:0.10.5] AndroidManifest.xml:13:13-57
130            android:value="false" />
130-->[com.facebook.soloader:soloader:0.10.5] AndroidManifest.xml:14:13-34
131    </application>
132
133</manifest>